2025-12-06 21:55:35,337 - __main__ - INFO - Starting JM2E Bot...
2025-12-06 21:55:37,137 - httpx - INFO - HTTP Request: POST https://api.telegram.org/bot8307297002:AAHmvY2Ho8mL3oFNmX_YTLH2c813gPYKKm0/getMe "HTTP/1.1 200 OK"
2025-12-06 21:55:37,644 - httpx - INFO - HTTP Request: POST https://api.telegram.org/bot8307297002:AAHmvY2Ho8mL3oFNmX_YTLH2c813gPYKKm0/deleteWebhook "HTTP/1.1 200 OK"
2025-12-06 21:55:37,645 - telegram.ext.Application - INFO - Application started
2025-12-06 21:55:49,423 - httpx - INFO - HTTP Request: POST https://api.telegram.org/bot8307297002:AAHmvY2Ho8mL3oFNmX_YTLH2c813gPYKKm0/getUpdates "HTTP/1.1 200 OK"
2025-12-06 21:55:58,231 - httpx - INFO - HTTP Request: POST https://api.telegram.org/bot8307297002:AAHmvY2Ho8mL3oFNmX_YTLH2c813gPYKKm0/getUpdates "HTTP/1.1 200 OK"
2025-12-06 21:55:59,970 - httpx - INFO - HTTP Request: POST https://api.telegram.org/bot8307297002:AAHmvY2Ho8mL3oFNmX_YTLH2c813gPYKKm0/sendMessage "HTTP/1.1 200 OK"
2025-12-06 21:56:05,189 - httpx - INFO - HTTP Request: POST https://api.telegram.org/bot8307297002:AAHmvY2Ho8mL3oFNmX_YTLH2c813gPYKKm0/editMessageText "HTTP/1.1 200 OK"
2025-12-06 21:56:08,674 - httpx - INFO - HTTP Request: POST https://api.telegram.org/bot8307297002:AAHmvY2Ho8mL3oFNmX_YTLH2c813gPYKKm0/getUpdates "HTTP/1.1 200 OK"
2025-12-06 21:56:19,231 - httpx - INFO - HTTP Request: POST https://api.telegram.org/bot8307297002:AAHmvY2Ho8mL3oFNmX_YTLH2c813gPYKKm0/getUpdates "HTTP/1.1 200 OK"
2025-12-06 21:56:30,593 - httpx - INFO - HTTP Request: POST https://api.telegram.org/bot8307297002:AAHmvY2Ho8mL3oFNmX_YTLH2c813gPYKKm0/getUpdates "HTTP/1.1 200 OK"
2025-12-06 21:56:42,057 - httpx - INFO - HTTP Request: POST https://api.telegram.org/bot8307297002:AAHmvY2Ho8mL3oFNmX_YTLH2c813gPYKKm0/getUpdates "HTTP/1.1 200 OK"
2025-12-06 21:56:49,734 - httpx - INFO - HTTP Request: POST https://api.telegram.org/bot8307297002:AAHmvY2Ho8mL3oFNmX_YTLH2c813gPYKKm0/getUpdates "HTTP/1.1 200 OK"
2025-12-06 21:56:51,698 - httpx - INFO - HTTP Request: POST https://api.telegram.org/bot8307297002:AAHmvY2Ho8mL3oFNmX_YTLH2c813gPYKKm0/sendMessage "HTTP/1.1 200 OK"
2025-12-06 21:57:00,283 - httpx - INFO - HTTP Request: POST https://api.telegram.org/bot8307297002:AAHmvY2Ho8mL3oFNmX_YTLH2c813gPYKKm0/getUpdates "HTTP/1.1 200 OK"
2025-12-06 21:57:00,899 - httpx - INFO - HTTP Request: POST https://api.telegram.org/bot8307297002:AAHmvY2Ho8mL3oFNmX_YTLH2c813gPYKKm0/editMessageText "HTTP/1.1 200 OK"
2025-12-06 21:57:10,738 - httpx - INFO - HTTP Request: POST https://api.telegram.org/bot8307297002:AAHmvY2Ho8mL3oFNmX_YTLH2c813gPYKKm0/getUpdates "HTTP/1.1 200 OK"
2025-12-06 21:57:21,379 - httpx - INFO - HTTP Request: POST https://api.telegram.org/bot8307297002:AAHmvY2Ho8mL3oFNmX_YTLH2c813gPYKKm0/getUpdates "HTTP/1.1 200 OK"
2025-12-06 21:57:31,830 - httpx - INFO - HTTP Request: POST https://api.telegram.org/bot8307297002:AAHmvY2Ho8mL3oFNmX_YTLH2c813gPYKKm0/getUpdates "HTTP/1.1 200 OK"
2025-12-06 21:57:42,268 - httpx - INFO - HTTP Request: POST https://api.telegram.org/bot8307297002:AAHmvY2Ho8mL3oFNmX_YTLH2c813gPYKKm0/getUpdates "HTTP/1.1 200 OK"
2025-12-06 21:57:52,709 - httpx - INFO - HTTP Request: POST https://api.telegram.org/bot8307297002:AAHmvY2Ho8mL3oFNmX_YTLH2c813gPYKKm0/getUpdates "HTTP/1.1 200 OK"
2025-12-06 21:58:03,157 - httpx - INFO - HTTP Request: POST https://api.telegram.org/bot8307297002:AAHmvY2Ho8mL3oFNmX_YTLH2c813gPYKKm0/getUpdates "HTTP/1.1 200 OK"
2025-12-06 21:58:13,549 - httpx - INFO - HTTP Request: POST https://api.telegram.org/bot8307297002:AAHmvY2Ho8mL3oFNmX_YTLH2c813gPYKKm0/getUpdates "HTTP/1.1 200 OK"
2025-12-06 21:58:24,048 - httpx - INFO - HTTP Request: POST https://api.telegram.org/bot8307297002:AAHmvY2Ho8mL3oFNmX_YTLH2c813gPYKKm0/getUpdates "HTTP/1.1 200 OK"
2025-12-06 21:58:34,490 - httpx - INFO - HTTP Request: POST https://api.telegram.org/bot8307297002:AAHmvY2Ho8mL3oFNmX_YTLH2c813gPYKKm0/getUpdates "HTTP/1.1 200 OK"
2025-12-06 21:58:44,936 - httpx - INFO - HTTP Request: POST https://api.telegram.org/bot8307297002:AAHmvY2Ho8mL3oFNmX_YTLH2c813gPYKKm0/getUpdates "HTTP/1.1 200 OK"
2025-12-06 21:58:55,590 - httpx - INFO - HTTP Request: POST https://api.telegram.org/bot8307297002:AAHmvY2Ho8mL3oFNmX_YTLH2c813gPYKKm0/getUpdates "HTTP/1.1 200 OK"
2025-12-06 21:59:03,380 - httpx - INFO - HTTP Request: POST https://api.telegram.org/bot8307297002:AAHmvY2Ho8mL3oFNmX_YTLH2c813gPYKKm0/getUpdates "HTTP/1.1 200 OK"
2025-12-06 21:59:05,855 - httpx - INFO - HTTP Request: POST https://api.telegram.org/bot8307297002:AAHmvY2Ho8mL3oFNmX_YTLH2c813gPYKKm0/sendMessage "HTTP/1.1 200 OK"
2025-12-06 21:59:08,898 - httpx - INFO - HTTP Request: POST https://api.telegram.org/bot8307297002:AAHmvY2Ho8mL3oFNmX_YTLH2c813gPYKKm0/editMessageText "HTTP/1.1 200 OK"
2025-12-06 21:59:13,767 - httpx - INFO - HTTP Request: POST https://api.telegram.org/bot8307297002:AAHmvY2Ho8mL3oFNmX_YTLH2c813gPYKKm0/getUpdates "HTTP/1.1 200 OK"
2025-12-06 21:59:24,357 - httpx - INFO - HTTP Request: POST https://api.telegram.org/bot8307297002:AAHmvY2Ho8mL3oFNmX_YTLH2c813gPYKKm0/getUpdates "HTTP/1.1 200 OK"
2025-12-06 21:59:34,783 - httpx - INFO - HTTP Request: POST https://api.telegram.org/bot8307297002:AAHmvY2Ho8mL3oFNmX_YTLH2c813gPYKKm0/getUpdates "HTTP/1.1 200 OK"
2025-12-06 21:59:45,353 - httpx - INFO - HTTP Request: POST https://api.telegram.org/bot8307297002:AAHmvY2Ho8mL3oFNmX_YTLH2c813gPYKKm0/getUpdates "HTTP/1.1 200 OK"
2025-12-06 21:59:55,745 - httpx - INFO - HTTP Request: POST https://api.telegram.org/bot8307297002:AAHmvY2Ho8mL3oFNmX_YTLH2c813gPYKKm0/getUpdates "HTTP/1.1 200 OK"
2025-12-06 21:59:58,520 - httpx - INFO - HTTP Request: POST https://api.telegram.org/bot8307297002:AAHmvY2Ho8mL3oFNmX_YTLH2c813gPYKKm0/getUpdates "HTTP/1.1 200 OK"
2025-12-06 22:00:01,529 - httpx - INFO - HTTP Request: POST https://api.telegram.org/bot8307297002:AAHmvY2Ho8mL3oFNmX_YTLH2c813gPYKKm0/sendMessage "HTTP/1.1 200 OK"
2025-12-06 22:00:05,220 - httpx - INFO - HTTP Request: POST https://api.telegram.org/bot8307297002:AAHmvY2Ho8mL3oFNmX_YTLH2c813gPYKKm0/editMessageText "HTTP/1.1 200 OK"
2025-12-06 22:00:08,711 - httpx - INFO - HTTP Request: POST https://api.telegram.org/bot8307297002:AAHmvY2Ho8mL3oFNmX_YTLH2c813gPYKKm0/getUpdates "HTTP/1.1 200 OK"
2025-12-06 22:00:09,314 - httpx - INFO - HTTP Request: POST https://api.telegram.org/bot8307297002:AAHmvY2Ho8mL3oFNmX_YTLH2c813gPYKKm0/sendMessage "HTTP/1.1 200 OK"
2025-12-06 22:00:12,077 - httpx - INFO - HTTP Request: POST https://api.telegram.org/bot8307297002:AAHmvY2Ho8mL3oFNmX_YTLH2c813gPYKKm0/editMessageText "HTTP/1.1 200 OK"
2025-12-06 22:00:19,350 - httpx - INFO - HTTP Request: POST https://api.telegram.org/bot8307297002:AAHmvY2Ho8mL3oFNmX_YTLH2c813gPYKKm0/getUpdates "HTTP/1.1 200 OK"
2025-12-06 22:00:29,796 - httpx - INFO - HTTP Request: POST https://api.telegram.org/bot8307297002:AAHmvY2Ho8mL3oFNmX_YTLH2c813gPYKKm0/getUpdates "HTTP/1.1 200 OK"
2025-12-06 22:00:40,238 - httpx - INFO - HTTP Request: POST https://api.telegram.org/bot8307297002:AAHmvY2Ho8mL3oFNmX_YTLH2c813gPYKKm0/getUpdates "HTTP/1.1 200 OK"
2025-12-06 22:00:50,787 - httpx - INFO - HTTP Request: POST https://api.telegram.org/bot8307297002:AAHmvY2Ho8mL3oFNmX_YTLH2c813gPYKKm0/getUpdates "HTTP/1.1 200 OK"
2025-12-06 22:01:01,331 - httpx - INFO - HTTP Request: POST https://api.telegram.org/bot8307297002:AAHmvY2Ho8mL3oFNmX_YTLH2c813gPYKKm0/getUpdates "HTTP/1.1 200 OK"
2025-12-06 22:01:11,778 - httpx - INFO - HTTP Request: POST https://api.telegram.org/bot8307297002:AAHmvY2Ho8mL3oFNmX_YTLH2c813gPYKKm0/getUpdates "HTTP/1.1 200 OK"
2025-12-06 22:01:22,221 - httpx - INFO - HTTP Request: POST https://api.telegram.org/bot8307297002:AAHmvY2Ho8mL3oFNmX_YTLH2c813gPYKKm0/getUpdates "HTTP/1.1 200 OK"
2025-12-06 22:01:32,666 - httpx - INFO - HTTP Request: POST https://api.telegram.org/bot8307297002:AAHmvY2Ho8mL3oFNmX_YTLH2c813gPYKKm0/getUpdates "HTTP/1.1 200 OK"
2025-12-06 22:01:43,111 - httpx - INFO - HTTP Request: POST https://api.telegram.org/bot8307297002:AAHmvY2Ho8mL3oFNmX_YTLH2c813gPYKKm0/getUpdates "HTTP/1.1 200 OK"
2025-12-06 22:01:53,509 - httpx - INFO - HTTP Request: POST https://api.telegram.org/bot8307297002:AAHmvY2Ho8mL3oFNmX_YTLH2c813gPYKKm0/getUpdates "HTTP/1.1 200 OK"
2025-12-06 22:02:04,209 - httpx - INFO - HTTP Request: POST https://api.telegram.org/bot8307297002:AAHmvY2Ho8mL3oFNmX_YTLH2c813gPYKKm0/getUpdates "HTTP/1.1 200 OK"
2025-12-06 22:02:14,859 - httpx - INFO - HTTP Request: POST https://api.telegram.org/bot8307297002:AAHmvY2Ho8mL3oFNmX_YTLH2c813gPYKKm0/getUpdates "HTTP/1.1 200 OK"
2025-12-06 22:02:26,119 - httpx - INFO - HTTP Request: POST https://api.telegram.org/bot8307297002:AAHmvY2Ho8mL3oFNmX_YTLH2c813gPYKKm0/getUpdates "HTTP/1.1 200 OK"
2025-12-06 22:02:36,980 - httpx - INFO - HTTP Request: POST https://api.telegram.org/bot8307297002:AAHmvY2Ho8mL3oFNmX_YTLH2c813gPYKKm0/getUpdates "HTTP/1.1 200 OK"
2025-12-06 22:02:47,627 - httpx - INFO - HTTP Request: POST https://api.telegram.org/bot8307297002:AAHmvY2Ho8mL3oFNmX_YTLH2c813gPYKKm0/getUpdates "HTTP/1.1 200 OK"
2025-12-06 22:02:58,277 - httpx - INFO - HTTP Request: POST https://api.telegram.org/bot8307297002:AAHmvY2Ho8mL3oFNmX_YTLH2c813gPYKKm0/getUpdates "HTTP/1.1 200 OK"
2025-12-06 22:03:08,820 - httpx - INFO - HTTP Request: POST https://api.telegram.org/bot8307297002:AAHmvY2Ho8mL3oFNmX_YTLH2c813gPYKKm0/getUpdates "HTTP/1.1 200 OK"
2025-12-06 22:03:19,267 - httpx - INFO - HTTP Request: POST https://api.telegram.org/bot8307297002:AAHmvY2Ho8mL3oFNmX_YTLH2c813gPYKKm0/getUpdates "HTTP/1.1 200 OK"
2025-12-06 22:03:29,710 - httpx - INFO - HTTP Request: POST https://api.telegram.org/bot8307297002:AAHmvY2Ho8mL3oFNmX_YTLH2c813gPYKKm0/getUpdates "HTTP/1.1 200 OK"
2025-12-06 22:03:40,109 - httpx - INFO - HTTP Request: POST https://api.telegram.org/bot8307297002:AAHmvY2Ho8mL3oFNmX_YTLH2c813gPYKKm0/getUpdates "HTTP/1.1 200 OK"
2025-12-06 22:03:50,507 - httpx - INFO - HTTP Request: POST https://api.telegram.org/bot8307297002:AAHmvY2Ho8mL3oFNmX_YTLH2c813gPYKKm0/getUpdates "HTTP/1.1 200 OK"
2025-12-06 22:04:01,146 - httpx - INFO - HTTP Request: POST https://api.telegram.org/bot8307297002:AAHmvY2Ho8mL3oFNmX_YTLH2c813gPYKKm0/getUpdates "HTTP/1.1 200 OK"
2025-12-06 22:04:11,798 - httpx - INFO - HTTP Request: POST https://api.telegram.org/bot8307297002:AAHmvY2Ho8mL3oFNmX_YTLH2c813gPYKKm0/getUpdates "HTTP/1.1 200 OK"
2025-12-06 22:04:22,550 - httpx - INFO - HTTP Request: POST https://api.telegram.org/bot8307297002:AAHmvY2Ho8mL3oFNmX_YTLH2c813gPYKKm0/getUpdates "HTTP/1.1 200 OK"
2025-12-06 22:04:32,948 - httpx - INFO - HTTP Request: POST https://api.telegram.org/bot8307297002:AAHmvY2Ho8mL3oFNmX_YTLH2c813gPYKKm0/getUpdates "HTTP/1.1 200 OK"
2025-12-06 22:04:43,340 - httpx - INFO - HTTP Request: POST https://api.telegram.org/bot8307297002:AAHmvY2Ho8mL3oFNmX_YTLH2c813gPYKKm0/getUpdates "HTTP/1.1 200 OK"
2025-12-06 22:04:53,740 - httpx - INFO - HTTP Request: POST https://api.telegram.org/bot8307297002:AAHmvY2Ho8mL3oFNmX_YTLH2c813gPYKKm0/getUpdates "HTTP/1.1 200 OK"
2025-12-06 22:05:04,478 - httpx - INFO - HTTP Request: POST https://api.telegram.org/bot8307297002:AAHmvY2Ho8mL3oFNmX_YTLH2c813gPYKKm0/getUpdates "HTTP/1.1 200 OK"
2025-12-06 22:05:14,880 - httpx - INFO - HTTP Request: POST https://api.telegram.org/bot8307297002:AAHmvY2Ho8mL3oFNmX_YTLH2c813gPYKKm0/getUpdates "HTTP/1.1 200 OK"
2025-12-06 22:05:25,267 - httpx - INFO - HTTP Request: POST https://api.telegram.org/bot8307297002:AAHmvY2Ho8mL3oFNmX_YTLH2c813gPYKKm0/getUpdates "HTTP/1.1 200 OK"
2025-12-06 22:05:35,767 - httpx - INFO - HTTP Request: POST https://api.telegram.org/bot8307297002:AAHmvY2Ho8mL3oFNmX_YTLH2c813gPYKKm0/getUpdates "HTTP/1.1 200 OK"
2025-12-06 22:05:46,317 - httpx - INFO - HTTP Request: POST https://api.telegram.org/bot8307297002:AAHmvY2Ho8mL3oFNmX_YTLH2c813gPYKKm0/getUpdates "HTTP/1.1 200 OK"
2025-12-06 22:05:57,375 - httpx - INFO - HTTP Request: POST https://api.telegram.org/bot8307297002:AAHmvY2Ho8mL3oFNmX_YTLH2c813gPYKKm0/getUpdates "HTTP/1.1 200 OK"
2025-12-06 22:06:07,822 - httpx - INFO - HTTP Request: POST https://api.telegram.org/bot8307297002:AAHmvY2Ho8mL3oFNmX_YTLH2c813gPYKKm0/getUpdates "HTTP/1.1 200 OK"
2025-12-06 22:06:19,079 - httpx - INFO - HTTP Request: POST https://api.telegram.org/bot8307297002:AAHmvY2Ho8mL3oFNmX_YTLH2c813gPYKKm0/getUpdates "HTTP/1.1 200 OK"
2025-12-06 22:06:29,558 - httpx - INFO - HTTP Request: POST https://api.telegram.org/bot8307297002:AAHmvY2Ho8mL3oFNmX_YTLH2c813gPYKKm0/getUpdates "HTTP/1.1 200 OK"
2025-12-06 22:06:40,280 - httpx - INFO - HTTP Request: POST https://api.telegram.org/bot8307297002:AAHmvY2Ho8mL3oFNmX_YTLH2c813gPYKKm0/getUpdates "HTTP/1.1 200 OK"
2025-12-06 22:06:50,729 - httpx - INFO - HTTP Request: POST https://api.telegram.org/bot8307297002:AAHmvY2Ho8mL3oFNmX_YTLH2c813gPYKKm0/getUpdates "HTTP/1.1 200 OK"
2025-12-06 22:07:01,168 - httpx - INFO - HTTP Request: POST https://api.telegram.org/bot8307297002:AAHmvY2Ho8mL3oFNmX_YTLH2c813gPYKKm0/getUpdates "HTTP/1.1 200 OK"
2025-12-06 22:07:11,562 - httpx - INFO - HTTP Request: POST https://api.telegram.org/bot8307297002:AAHmvY2Ho8mL3oFNmX_YTLH2c813gPYKKm0/getUpdates "HTTP/1.1 200 OK"
2025-12-06 22:07:21,960 - httpx - INFO - HTTP Request: POST https://api.telegram.org/bot8307297002:AAHmvY2Ho8mL3oFNmX_YTLH2c813gPYKKm0/getUpdates "HTTP/1.1 200 OK"
2025-12-06 22:07:32,417 - httpx - INFO - HTTP Request: POST https://api.telegram.org/bot8307297002:AAHmvY2Ho8mL3oFNmX_YTLH2c813gPYKKm0/getUpdates "HTTP/1.1 200 OK"
2025-12-06 22:07:42,952 - httpx - INFO - HTTP Request: POST https://api.telegram.org/bot8307297002:AAHmvY2Ho8mL3oFNmX_YTLH2c813gPYKKm0/getUpdates "HTTP/1.1 200 OK"
2025-12-06 22:07:53,599 - httpx - INFO - HTTP Request: POST https://api.telegram.org/bot8307297002:AAHmvY2Ho8mL3oFNmX_YTLH2c813gPYKKm0/getUpdates "HTTP/1.1 200 OK"
2025-12-06 22:08:04,046 - httpx - INFO - HTTP Request: POST https://api.telegram.org/bot8307297002:AAHmvY2Ho8mL3oFNmX_YTLH2c813gPYKKm0/getUpdates "HTTP/1.1 200 OK"
2025-12-06 22:08:14,492 - httpx - INFO - HTTP Request: POST https://api.telegram.org/bot8307297002:AAHmvY2Ho8mL3oFNmX_YTLH2c813gPYKKm0/getUpdates "HTTP/1.1 200 OK"
2025-12-06 22:08:25,551 - httpx - INFO - HTTP Request: POST https://api.telegram.org/bot8307297002:AAHmvY2Ho8mL3oFNmX_YTLH2c813gPYKKm0/getUpdates "HTTP/1.1 200 OK"
2025-12-06 22:08:35,992 - httpx - INFO - HTTP Request: POST https://api.telegram.org/bot8307297002:AAHmvY2Ho8mL3oFNmX_YTLH2c813gPYKKm0/getUpdates "HTTP/1.1 200 OK"
2025-12-06 22:08:46,400 - httpx - INFO - HTTP Request: POST https://api.telegram.org/bot8307297002:AAHmvY2Ho8mL3oFNmX_YTLH2c813gPYKKm0/getUpdates "HTTP/1.1 200 OK"
2025-12-06 22:08:57,233 - httpx - INFO - HTTP Request: POST https://api.telegram.org/bot8307297002:AAHmvY2Ho8mL3oFNmX_YTLH2c813gPYKKm0/getUpdates "HTTP/1.1 200 OK"
2025-12-06 22:09:07,641 - httpx - INFO - HTTP Request: POST https://api.telegram.org/bot8307297002:AAHmvY2Ho8mL3oFNmX_YTLH2c813gPYKKm0/getUpdates "HTTP/1.1 200 OK"
2025-12-06 22:09:18,079 - httpx - INFO - HTTP Request: POST https://api.telegram.org/bot8307297002:AAHmvY2Ho8mL3oFNmX_YTLH2c813gPYKKm0/getUpdates "HTTP/1.1 200 OK"
2025-12-06 22:09:28,522 - httpx - INFO - HTTP Request: POST https://api.telegram.org/bot8307297002:AAHmvY2Ho8mL3oFNmX_YTLH2c813gPYKKm0/getUpdates "HTTP/1.1 200 OK"
2025-12-06 22:09:38,968 - httpx - INFO - HTTP Request: POST https://api.telegram.org/bot8307297002:AAHmvY2Ho8mL3oFNmX_YTLH2c813gPYKKm0/getUpdates "HTTP/1.1 200 OK"
2025-12-06 22:09:50,437 - httpx - INFO - HTTP Request: POST https://api.telegram.org/bot8307297002:AAHmvY2Ho8mL3oFNmX_YTLH2c813gPYKKm0/getUpdates "HTTP/1.1 200 OK"
2025-12-06 22:10:01,602 - httpx - INFO - HTTP Request: POST https://api.telegram.org/bot8307297002:AAHmvY2Ho8mL3oFNmX_YTLH2c813gPYKKm0/getUpdates "HTTP/1.1 200 OK"
2025-12-06 22:10:11,994 - httpx - INFO - HTTP Request: POST https://api.telegram.org/bot8307297002:AAHmvY2Ho8mL3oFNmX_YTLH2c813gPYKKm0/getUpdates "HTTP/1.1 200 OK"
2025-12-06 22:10:22,597 - httpx - INFO - HTTP Request: POST https://api.telegram.org/bot8307297002:AAHmvY2Ho8mL3oFNmX_YTLH2c813gPYKKm0/getUpdates "HTTP/1.1 200 OK"
2025-12-06 22:10:33,036 - httpx - INFO - HTTP Request: POST https://api.telegram.org/bot8307297002:AAHmvY2Ho8mL3oFNmX_YTLH2c813gPYKKm0/getUpdates "HTTP/1.1 200 OK"
2025-12-06 22:10:43,787 - httpx - INFO - HTTP Request: POST https://api.telegram.org/bot8307297002:AAHmvY2Ho8mL3oFNmX_YTLH2c813gPYKKm0/getUpdates "HTTP/1.1 200 OK"
2025-12-06 22:10:54,335 - httpx - INFO - HTTP Request: POST https://api.telegram.org/bot8307297002:AAHmvY2Ho8mL3oFNmX_YTLH2c813gPYKKm0/getUpdates "HTTP/1.1 200 OK"
2025-12-06 22:11:04,989 - httpx - INFO - HTTP Request: POST https://api.telegram.org/bot8307297002:AAHmvY2Ho8mL3oFNmX_YTLH2c813gPYKKm0/getUpdates "HTTP/1.1 200 OK"
2025-12-06 22:11:15,636 - httpx - INFO - HTTP Request: POST https://api.telegram.org/bot8307297002:AAHmvY2Ho8mL3oFNmX_YTLH2c813gPYKKm0/getUpdates "HTTP/1.1 200 OK"
2025-12-06 22:11:26,498 - httpx - INFO - HTTP Request: POST https://api.telegram.org/bot8307297002:AAHmvY2Ho8mL3oFNmX_YTLH2c813gPYKKm0/getUpdates "HTTP/1.1 200 OK"
2025-12-06 22:11:37,037 - httpx - INFO - HTTP Request: POST https://api.telegram.org/bot8307297002:AAHmvY2Ho8mL3oFNmX_YTLH2c813gPYKKm0/getUpdates "HTTP/1.1 200 OK"
2025-12-06 22:11:47,594 - httpx - INFO - HTTP Request: POST https://api.telegram.org/bot8307297002:AAHmvY2Ho8mL3oFNmX_YTLH2c813gPYKKm0/getUpdates "HTTP/1.1 200 OK"
2025-12-06 22:11:58,440 - httpx - INFO - HTTP Request: POST https://api.telegram.org/bot8307297002:AAHmvY2Ho8mL3oFNmX_YTLH2c813gPYKKm0/getUpdates "HTTP/1.1 200 OK"
2025-12-06 22:12:08,831 - httpx - INFO - HTTP Request: POST https://api.telegram.org/bot8307297002:AAHmvY2Ho8mL3oFNmX_YTLH2c813gPYKKm0/getUpdates "HTTP/1.1 200 OK"
2025-12-06 22:12:19,328 - httpx - INFO - HTTP Request: POST https://api.telegram.org/bot8307297002:AAHmvY2Ho8mL3oFNmX_YTLH2c813gPYKKm0/getUpdates "HTTP/1.1 200 OK"
2025-12-06 22:12:30,182 - httpx - INFO - HTTP Request: POST https://api.telegram.org/bot8307297002:AAHmvY2Ho8mL3oFNmX_YTLH2c813gPYKKm0/getUpdates "HTTP/1.1 200 OK"
2025-12-06 22:12:40,627 - httpx - INFO - HTTP Request: POST https://api.telegram.org/bot8307297002:AAHmvY2Ho8mL3oFNmX_YTLH2c813gPYKKm0/getUpdates "HTTP/1.1 200 OK"
2025-12-06 22:12:51,178 - httpx - INFO - HTTP Request: POST https://api.telegram.org/bot8307297002:AAHmvY2Ho8mL3oFNmX_YTLH2c813gPYKKm0/getUpdates "HTTP/1.1 200 OK"
2025-12-06 22:13:01,727 - httpx - INFO - HTTP Request: POST https://api.telegram.org/bot8307297002:AAHmvY2Ho8mL3oFNmX_YTLH2c813gPYKKm0/getUpdates "HTTP/1.1 200 OK"
2025-12-06 22:13:13,195 - httpx - INFO - HTTP Request: POST https://api.telegram.org/bot8307297002:AAHmvY2Ho8mL3oFNmX_YTLH2c813gPYKKm0/getUpdates "HTTP/1.1 200 OK"
2025-12-06 22:13:23,741 - httpx - INFO - HTTP Request: POST https://api.telegram.org/bot8307297002:AAHmvY2Ho8mL3oFNmX_YTLH2c813gPYKKm0/getUpdates "HTTP/1.1 200 OK"
2025-12-06 22:13:34,123 - httpx - INFO - HTTP Request: POST https://api.telegram.org/bot8307297002:AAHmvY2Ho8mL3oFNmX_YTLH2c813gPYKKm0/getUpdates "HTTP/1.1 200 OK"
2025-12-06 22:13:44,541 - httpx - INFO - HTTP Request: POST https://api.telegram.org/bot8307297002:AAHmvY2Ho8mL3oFNmX_YTLH2c813gPYKKm0/getUpdates "HTTP/1.1 200 OK"
2025-12-06 22:13:55,369 - httpx - INFO - HTTP Request: POST https://api.telegram.org/bot8307297002:AAHmvY2Ho8mL3oFNmX_YTLH2c813gPYKKm0/getUpdates "HTTP/1.1 200 OK"
2025-12-06 22:14:05,747 - httpx - INFO - HTTP Request: POST https://api.telegram.org/bot8307297002:AAHmvY2Ho8mL3oFNmX_YTLH2c813gPYKKm0/getUpdates "HTTP/1.1 200 OK"
2025-12-06 22:14:16,272 - httpx - INFO - HTTP Request: POST https://api.telegram.org/bot8307297002:AAHmvY2Ho8mL3oFNmX_YTLH2c813gPYKKm0/getUpdates "HTTP/1.1 200 OK"
2025-12-06 22:14:26,925 - httpx - INFO - HTTP Request: POST https://api.telegram.org/bot8307297002:AAHmvY2Ho8mL3oFNmX_YTLH2c813gPYKKm0/getUpdates "HTTP/1.1 200 OK"
2025-12-06 22:14:37,571 - httpx - INFO - HTTP Request: POST https://api.telegram.org/bot8307297002:AAHmvY2Ho8mL3oFNmX_YTLH2c813gPYKKm0/getUpdates "HTTP/1.1 200 OK"
2025-12-06 22:14:47,945 - httpx - INFO - HTTP Request: POST https://api.telegram.org/bot8307297002:AAHmvY2Ho8mL3oFNmX_YTLH2c813gPYKKm0/getUpdates "HTTP/1.1 200 OK"
2025-12-06 22:14:58,314 - httpx - INFO - HTTP Request: POST https://api.telegram.org/bot8307297002:AAHmvY2Ho8mL3oFNmX_YTLH2c813gPYKKm0/getUpdates "HTTP/1.1 200 OK"
2025-12-06 22:15:09,116 - httpx - INFO - HTTP Request: POST https://api.telegram.org/bot8307297002:AAHmvY2Ho8mL3oFNmX_YTLH2c813gPYKKm0/getUpdates "HTTP/1.1 200 OK"
2025-12-06 22:15:19,496 - httpx - INFO - HTTP Request: POST https://api.telegram.org/bot8307297002:AAHmvY2Ho8mL3oFNmX_YTLH2c813gPYKKm0/getUpdates "HTTP/1.1 200 OK"
2025-12-06 22:15:30,017 - httpx - INFO - HTTP Request: POST https://api.telegram.org/bot8307297002:AAHmvY2Ho8mL3oFNmX_YTLH2c813gPYKKm0/getUpdates "HTTP/1.1 200 OK"
2025-12-06 22:15:40,465 - httpx - INFO - HTTP Request: POST https://api.telegram.org/bot8307297002:AAHmvY2Ho8mL3oFNmX_YTLH2c813gPYKKm0/getUpdates "HTTP/1.1 200 OK"
2025-12-06 22:15:50,849 - httpx - INFO - HTTP Request: POST https://api.telegram.org/bot8307297002:AAHmvY2Ho8mL3oFNmX_YTLH2c813gPYKKm0/getUpdates "HTTP/1.1 200 OK"
2025-12-06 22:16:01,572 - httpx - INFO - HTTP Request: POST https://api.telegram.org/bot8307297002:AAHmvY2Ho8mL3oFNmX_YTLH2c813gPYKKm0/getUpdates "HTTP/1.1 200 OK"
2025-12-06 22:16:12,016 - httpx - INFO - HTTP Request: POST https://api.telegram.org/bot8307297002:AAHmvY2Ho8mL3oFNmX_YTLH2c813gPYKKm0/getUpdates "HTTP/1.1 200 OK"
2025-12-06 22:16:22,567 - httpx - INFO - HTTP Request: POST https://api.telegram.org/bot8307297002:AAHmvY2Ho8mL3oFNmX_YTLH2c813gPYKKm0/getUpdates "HTTP/1.1 200 OK"
